<?xml version="1.0" encoding="UTF-8"?>
<testng-results skipped="0" failed="0" total="1" passed="1">
  <reporter-output>
  </reporter-output>
  <suite name="Default suite" duration-ms="118036" started-at="2019-11-21T23:16:30Z" finished-at="2019-11-21T23:18:28Z">
    <groups>
      <group name="Cucumber">
        <method signature="Runner.feature(cucumber.api.testng.CucumberFeatureWrapper)[pri:0, instance:com.qa.MHE.Runner.Runner@14bf9759]" name="feature" class="com.qa.MHE.Runner.Runner"/>
      </group> <!-- Cucumber -->
    </groups>
    <test name="Default test" duration-ms="118036" started-at="2019-11-21T23:16:30Z" finished-at="2019-11-21T23:18:28Z">
      <class name="com.qa.MHE.Runner.Runner">
        <test-method status="PASS" signature="setUp()[pri:0, instance:com.qa.MHE.Runner.Runner@14bf9759]" name="setUp" is-config="true" duration-ms="322" started-at="2019-11-21T23:16:30Z" finished-at="2019-11-21T23:16:30Z">
          <reporter-output>
          </reporter-output>
        </test-method> <!-- setUp -->
        <test-method status="PASS" signature="feature(cucumber.api.testng.CucumberFeatureWrapper)[pri:0, instance:com.qa.MHE.Runner.Runner@14bf9759]" name="feature" duration-ms="117393" started-at="2019-11-21T23:16:30Z" description="Run cucumber Feature" data-provider="features" finished-at="2019-11-21T23:18:27Z">
          <params>
            <param index="0">
              <value>
                <![CDATA[MHE Regression Suite]]>
              </value>
            </param>
          </params>
          <reporter-output>
          </reporter-output>
        </test-method> <!-- feature -->
        <test-method status="PASS" signature="tearDownClass()[pri:0, instance:com.qa.MHE.Runner.Runner@14bf9759]" name="tearDownClass" is-config="true" duration-ms="226" started-at="2019-11-21T23:18:27Z" finished-at="2019-11-21T23:18:28Z">
          <reporter-output>
          </reporter-output>
        </test-method> <!-- tearDownClass -->
      </class> <!-- com.qa.MHE.Runner.Runner -->
    </test> <!-- Default test -->
  </suite> <!-- Default suite -->
</testng-results>
